Arguments: 
  C:\Program Files\nodejs\node.exe C:\Program Files (x86)\Yarn\bin\yarn.js

PATH: 
  C:\Program Files\Git\mingw64\bin;C:\Program Files\Git\usr\bin;C:\Users\PAIC\bin;C:\Windows\system32;C:\Windows;C:\Windows\System32\Wbem;C:\Windows\System32\WindowsPowerShell\v1.0;C:\Windows\System32\OpenSSH;C:\Program Files\Git\cmd;C:\Program Files (x86)\Yarn\bin;C:\Program Files\nodejs;C:\Users\PAIC\AppData\Local\Microsoft\WindowsApps;C:\ProgramData\PAIC\hyper\app-3.0.2\resources\bin;C:\Users\PAIC\AppData\Local\hyper\app-3.0.2\resources\bin;C:\Users\PAIC\AppData\Local\Programs\Microsoft VS Code\bin;C:\Users\PAIC\AppData\Local\Yarn\bin;C:\Program Files\nodejs;C:\Users\PAIC\AppData\Roaming\npm

Yarn version: 
  1.22.4

Node version: 
  14.2.0

Platform: 
  win32 x64

Trace: 
  Error: connect ETIMEDOUT 10.33.123.68:80
      at TCPConnectWrap.afterConnect [as oncomplete] (net.js:1142:16)

npm manifest: 
  {
    "name": "miniprogram-ts-quickstart",
    "version": "1.0.0",
    "description": "",
    "scripts": {
      "compile": "./node_modules/typescript/bin/tsc",
      "tsc": "node ./node_modules/typescript/lib/tsc.js"
    },
    "keywords": [],
    "author": "",
    "license": "",
    "dependencies": {
      "@vant/weapp": "^1.3.0"
    },
    "devDependencies": {
      "miniprogram-api-typings": "^2.8.3-1",
      "typescript": "^3.3.3333"
    }
  }

yarn manifest: 
  No manifest

Lockfile: 
  No lockfile
